[0.006s] Invoking command in '/home/el-system/teleop_launch/build/drone_teleop': CMAKE_PREFIX_PATH=/opt/ros/foxy /usr/bin/cmake /home/el-system/teleop_launch/src/drone_teleop -DCMAKE_INSTALL_PREFIX=/home/el-system/teleop_launch/install/drone_teleop
[0.066s] -- The C compiler identification is GNU 9.4.0
[0.114s] -- The CXX compiler identification is GNU 9.4.0
[0.118s] -- Check for working C compiler: /usr/lib/ccache/cc
[0.175s] -- Check for working C compiler: /usr/lib/ccache/cc -- works
[0.176s] -- Detecting C compiler ABI info
[0.212s] -- Detecting C compiler ABI info - done
[0.220s] -- Detecting C compile features
[0.220s] -- Detecting C compile features - done
[0.222s] -- Check for working CXX compiler: /usr/lib/ccache/c++
[0.277s] -- Check for working CXX compiler: /usr/lib/ccache/c++ -- works
[0.278s] -- Detecting CXX compiler ABI info
[0.320s] -- Detecting CXX compiler ABI info - done
[0.328s] -- Detecting CXX compile features
[0.328s] -- Detecting CXX compile features - done
[0.331s] -- Found ament_cmake: 0.9.12 (/opt/ros/foxy/share/ament_cmake/cmake)
[0.350s] -- Found PythonInterp: /usr/bin/python3 (found suitable version "3.8.10", minimum required is "3") 
[0.350s] -- Using PYTHON_EXECUTABLE: /usr/bin/python3
[0.482s] -- Found rclcpp: 2.4.3 (/opt/ros/foxy/share/rclcpp/cmake)
[0.516s] -- Using all available rosidl_typesupport_c: rosidl_typesupport_fastrtps_c;rosidl_typesupport_introspection_c
[0.522s] -- Found rosidl_adapter: 1.3.1 (/opt/ros/foxy/share/rosidl_adapter/cmake)
[0.579s] -- Found OpenSSL: /usr/lib/x86_64-linux-gnu/libcrypto.so (found version "1.1.1f")  
[0.600s] -- Found FastRTPS: /opt/ros/foxy/include  
[0.660s] -- Using all available rosidl_typesupport_cpp: rosidl_typesupport_fastrtps_cpp;rosidl_typesupport_introspection_cpp
[0.700s] -- Found rmw_implementation_cmake: 1.0.4 (/opt/ros/foxy/share/rmw_implementation_cmake/cmake)
[0.701s] -- Using RMW implementation 'rmw_fastrtps_cpp' as default
[0.702s] -- Looking for pthread.h
[0.756s] -- Looking for pthread.h - found
[0.756s] -- Performing Test CMAKE_HAVE_LIBC_PTHREAD
[0.809s] -- Performing Test CMAKE_HAVE_LIBC_PTHREAD - Failed
[0.809s] -- Looking for pthread_create in pthreads
[0.840s] -- Looking for pthread_create in pthreads - not found
[0.840s] -- Looking for pthread_create in pthread
[0.878s] -- Looking for pthread_create in pthread - found
[0.879s] -- Found Threads: TRUE  
[0.986s] -- Found geometry_msgs: 2.0.5 (/opt/ros/foxy/share/geometry_msgs/cmake)
[1.010s] -- Found mavros_msgs: 2.4.0 (/opt/ros/foxy/share/mavros_msgs/cmake)
[1.355s] CMake Error at /opt/ros/foxy/share/ament_cmake_target_dependencies/cmake/ament_target_dependencies.cmake:42 (message):
[1.355s]   ament_target_dependencies() the first argument must be a valid target name
[1.355s] Call Stack (most recent call first):
[1.355s]   CMakeLists.txt:25 (ament_target_dependencies)
[1.356s] 
[1.356s] 
[1.356s] -- Configuring incomplete, errors occurred!
[1.356s] See also "/home/el-system/teleop_launch/build/drone_teleop/CMakeFiles/CMakeOutput.log".
[1.356s] See also "/home/el-system/teleop_launch/build/drone_teleop/CMakeFiles/CMakeError.log".
[1.362s] Invoked command in '/home/el-system/teleop_launch/build/drone_teleop' returned '1': CMAKE_PREFIX_PATH=/opt/ros/foxy /usr/bin/cmake /home/el-system/teleop_launch/src/drone_teleop -DCMAKE_INSTALL_PREFIX=/home/el-system/teleop_launch/install/drone_teleop
