[0.010s] Invoking command in '/home/el-system/teleop_launch/build/drone_teleop': CMAKE_PREFIX_PATH=/opt/ros/foxy /usr/bin/cmake --build /home/el-system/teleop_launch/build/drone_teleop -- -j12 -l12
[0.053s] [100%] Built target drone_teleop
[0.061s] Invoked command in '/home/el-system/teleop_launch/build/drone_teleop' returned '0': CMAKE_PREFIX_PATH=/opt/ros/foxy /usr/bin/cmake --build /home/el-system/teleop_launch/build/drone_teleop -- -j12 -l12
[0.074s] Invoking command in '/home/el-system/teleop_launch/build/drone_teleop': CMAKE_PREFIX_PATH=/opt/ros/foxy /usr/bin/cmake --install /home/el-system/teleop_launch/build/drone_teleop
[0.079s] -- Install configuration: ""
[0.080s] -- Up-to-date: /home/el-system/teleop_launch/install/drone_teleop/lib/drone_teleop/drone_teleop
[0.080s] -- Up-to-date: /home/el-system/teleop_launch/install/drone_teleop/share/ament_index/resource_index/package_run_dependencies/drone_teleop
[0.080s] -- Up-to-date: /home/el-system/teleop_launch/install/drone_teleop/share/ament_index/resource_index/parent_prefix_path/drone_teleop
[0.080s] -- Up-to-date: /home/el-system/teleop_launch/install/drone_teleop/share/drone_teleop/environment/ament_prefix_path.sh
[0.080s] -- Up-to-date: /home/el-system/teleop_launch/install/drone_teleop/share/drone_teleop/environment/ament_prefix_path.dsv
[0.081s] -- Up-to-date: /home/el-system/teleop_launch/install/drone_teleop/share/drone_teleop/environment/path.sh
[0.081s] -- Up-to-date: /home/el-system/teleop_launch/install/drone_teleop/share/drone_teleop/environment/path.dsv
[0.081s] -- Up-to-date: /home/el-system/teleop_launch/install/drone_teleop/share/drone_teleop/local_setup.bash
[0.081s] -- Up-to-date: /home/el-system/teleop_launch/install/drone_teleop/share/drone_teleop/local_setup.sh
[0.082s] -- Up-to-date: /home/el-system/teleop_launch/install/drone_teleop/share/drone_teleop/local_setup.zsh
[0.082s] -- Up-to-date: /home/el-system/teleop_launch/install/drone_teleop/share/drone_teleop/local_setup.dsv
[0.083s] -- Up-to-date: /home/el-system/teleop_launch/install/drone_teleop/share/drone_teleop/package.dsv
[0.083s] -- Up-to-date: /home/el-system/teleop_launch/install/drone_teleop/share/ament_index/resource_index/packages/drone_teleop
[0.084s] -- Up-to-date: /home/el-system/teleop_launch/install/drone_teleop/share/drone_teleop/cmake/drone_teleopConfig.cmake
[0.084s] -- Up-to-date: /home/el-system/teleop_launch/install/drone_teleop/share/drone_teleop/cmake/drone_teleopConfig-version.cmake
[0.084s] -- Up-to-date: /home/el-system/teleop_launch/install/drone_teleop/share/drone_teleop/package.xml
[0.084s] Invoked command in '/home/el-system/teleop_launch/build/drone_teleop' returned '0': CMAKE_PREFIX_PATH=/opt/ros/foxy /usr/bin/cmake --install /home/el-system/teleop_launch/build/drone_teleop
