[0.008s] Invoking command in '/home/el-system/teleop_launch/build/drone_teleop': CMAKE_PREFIX_PATH=/opt/ros/foxy /usr/bin/cmake /home/el-system/teleop_launch/src/drone_teleop -DCMAKE_INSTALL_PREFIX=/home/el-system/teleop_launch/install/drone_teleop
[0.018s] -- Found ament_cmake: 0.9.12 (/opt/ros/foxy/share/ament_cmake/cmake)
[0.034s] -- Using PYTHON_EXECUTABLE: /usr/bin/python3
[0.153s] -- Found rclcpp: 2.4.3 (/opt/ros/foxy/share/rclcpp/cmake)
[0.176s] -- Using all available rosidl_typesupport_c: rosidl_typesupport_fastrtps_c;rosidl_typesupport_introspection_c
[0.178s] -- Found rosidl_adapter: 1.3.1 (/opt/ros/foxy/share/rosidl_adapter/cmake)
[0.259s] -- Using all available rosidl_typesupport_cpp: rosidl_typesupport_fastrtps_cpp;rosidl_typesupport_introspection_cpp
[0.292s] -- Found rmw_implementation_cmake: 1.0.4 (/opt/ros/foxy/share/rmw_implementation_cmake/cmake)
[0.293s] -- Using RMW implementation 'rmw_fastrtps_cpp' as default
[0.388s] -- Found geometry_msgs: 2.0.5 (/opt/ros/foxy/share/geometry_msgs/cmake)
[0.411s] -- Found mavros_msgs: 2.4.0 (/opt/ros/foxy/share/mavros_msgs/cmake)
[0.740s] CMake Error at /opt/ros/foxy/share/ament_cmake_target_dependencies/cmake/ament_target_dependencies.cmake:42 (message):
[0.740s]   ament_target_dependencies() the first argument must be a valid target name
[0.740s] Call Stack (most recent call first):
[0.741s]   CMakeLists.txt:25 (ament_target_dependencies)
[0.741s] 
[0.741s] 
[0.741s] -- Configuring incomplete, errors occurred!
[0.741s] See also "/home/el-system/teleop_launch/build/drone_teleop/CMakeFiles/CMakeOutput.log".
[0.741s] See also "/home/el-system/teleop_launch/build/drone_teleop/CMakeFiles/CMakeError.log".
[0.746s] Invoked command in '/home/el-system/teleop_launch/build/drone_teleop' returned '1': CMAKE_PREFIX_PATH=/opt/ros/foxy /usr/bin/cmake /home/el-system/teleop_launch/src/drone_teleop -DCMAKE_INSTALL_PREFIX=/home/el-system/teleop_launch/install/drone_teleop
