[0.156s] DEBUG:colcon:Command line arguments: ['/usr/bin/colcon', 'build']
[0.156s] DEBUG:colcon:Parsed command line arguments: Namespace(allow_overriding=[], ament_cmake_args=None, base_paths=['.'], build_base='build', catkin_cmake_args=None, catkin_skip_building_tests=False, cmake_args=None, cmake_clean_cache=False, cmake_clean_first=False, cmake_force_configure=False, cmake_target=None, cmake_target_skip_unavailable=False, continue_on_error=False, event_handlers=None, executor='parallel', ignore_user_meta=False, install_base='install', log_base=None, log_level=None, main=<bound method BuildVerb.main of <colcon_core.verb.build.BuildVerb object at 0x7fd8cc3b7fd0>>, merge_install=False, metas=['./colcon.meta'], mixin=None, mixin_files=None, mixin_verb=('build',), packages_above=None, packages_above_and_dependencies=None, packages_above_depth=None, packages_end=None, packages_ignore=None, packages_ignore_regex=None, packages_select=None, packages_select_build_failed=False, packages_select_by_dep=None, packages_select_regex=None, packages_select_test_failures=False, packages_skip=None, packages_skip_build_finished=False, packages_skip_by_dep=None, packages_skip_regex=None, packages_skip_test_passed=False, packages_skip_up_to=None, packages_start=None, packages_up_to=None, packages_up_to_regex=None, parallel_workers=12, paths=None, symlink_install=False, test_result_base=None, verb_extension=<colcon_core.verb.build.BuildVerb object at 0x7fd8cc3b7fd0>, verb_name='build', verb_parser=<colcon_mixin.mixin.mixin_argument.MixinArgumentDecorator object at 0x7fd8cc30d610>)
[0.188s] Level 1:colcon.colcon_core.package_discovery:discover_packages(colcon_meta) check parameters
[0.188s] Level 1:colcon.colcon_core.package_discovery:discover_packages(recursive) check parameters
[0.188s] Level 1:colcon.colcon_core.package_discovery:discover_packages(ignore) check parameters
[0.188s] Level 1:colcon.colcon_core.package_discovery:discover_packages(path) check parameters
[0.188s] Level 1:colcon.colcon_core.package_discovery:discover_packages(colcon_meta) discover
[0.188s] Level 1:colcon.colcon_core.package_discovery:discover_packages(recursive) discover
[0.188s] INFO:colcon.colcon_core.package_discovery:Crawling recursively for packages in '/home/el-system/teleop_launch'
[0.189s] Level 1:colcon.colcon_core.package_identification:_identify(.) by extensions ['ignore', 'ignore_ament_install']
[0.189s] Level 1:colcon.colcon_core.package_identification:_identify(.) by extension 'ignore'
[0.189s] Level 1:colcon.colcon_core.package_identification:_identify(.) by extension 'ignore_ament_install'
[0.189s] Level 1:colcon.colcon_core.package_identification:_identify(.) by extensions ['colcon_pkg']
[0.189s] Level 1:colcon.colcon_core.package_identification:_identify(.) by extension 'colcon_pkg'
[0.189s] Level 1:colcon.colcon_core.package_identification:_identify(.) by extensions ['colcon_meta']
[0.189s] Level 1:colcon.colcon_core.package_identification:_identify(.) by extension 'colcon_meta'
[0.189s] Level 1:colcon.colcon_core.package_identification:_identify(.) by extensions ['ros']
[0.189s] Level 1:colcon.colcon_core.package_identification:_identify(.) by extension 'ros'
[0.198s] Level 1:colcon.colcon_core.package_identification:_identify(.) by extensions ['cmake', 'python']
[0.199s] Level 1:colcon.colcon_core.package_identification:_identify(.) by extension 'cmake'
[0.199s] Level 1:colcon.colcon_core.package_identification:_identify(.) by extension 'python'
[0.199s] Level 1:colcon.colcon_core.package_identification:_identify(.) by extensions ['python_setup_py']
[0.199s] Level 1:colcon.colcon_core.package_identification:_identify(.) by extension 'python_setup_py'
[0.199s] Level 1:colcon.colcon_core.package_identification:_identify(build) by extensions ['ignore', 'ignore_ament_install']
[0.199s] Level 1:colcon.colcon_core.package_identification:_identify(build) by extension 'ignore'
[0.199s] Level 1:colcon.colcon_core.package_identification:_identify(build) ignored
[0.199s] Level 1:colcon.colcon_core.package_identification:_identify(install) by extensions ['ignore', 'ignore_ament_install']
[0.199s] Level 1:colcon.colcon_core.package_identification:_identify(install) by extension 'ignore'
[0.199s] Level 1:colcon.colcon_core.package_identification:_identify(install) ignored
[0.199s] Level 1:colcon.colcon_core.package_identification:_identify(log) by extensions ['ignore', 'ignore_ament_install']
[0.199s] Level 1:colcon.colcon_core.package_identification:_identify(log) by extension 'ignore'
[0.199s] Level 1:colcon.colcon_core.package_identification:_identify(log) ignored
[0.199s] Level 1:colcon.colcon_core.package_identification:_identify(src) by extensions ['ignore', 'ignore_ament_install']
[0.199s] Level 1:colcon.colcon_core.package_identification:_identify(src) by extension 'ignore'
[0.199s] Level 1:colcon.colcon_core.package_identification:_identify(src) by extension 'ignore_ament_install'
[0.199s] Level 1:colcon.colcon_core.package_identification:_identify(src) by extensions ['colcon_pkg']
[0.199s] Level 1:colcon.colcon_core.package_identification:_identify(src) by extension 'colcon_pkg'
[0.199s] Level 1:colcon.colcon_core.package_identification:_identify(src) by extensions ['colcon_meta']
[0.199s] Level 1:colcon.colcon_core.package_identification:_identify(src) by extension 'colcon_meta'
[0.199s] Level 1:colcon.colcon_core.package_identification:_identify(src) by extensions ['ros']
[0.199s] Level 1:colcon.colcon_core.package_identification:_identify(src) by extension 'ros'
[0.199s] Level 1:colcon.colcon_core.package_identification:_identify(src) by extensions ['cmake', 'python']
[0.199s] Level 1:colcon.colcon_core.package_identification:_identify(src) by extension 'cmake'
[0.199s] Level 1:colcon.colcon_core.package_identification:_identify(src) by extension 'python'
[0.199s] Level 1:colcon.colcon_core.package_identification:_identify(src) by extensions ['python_setup_py']
[0.199s] Level 1:colcon.colcon_core.package_identification:_identify(src) by extension 'python_setup_py'
[0.199s] Level 1:colcon.colcon_core.package_identification:_identify(src/drone_teleop) by extensions ['ignore', 'ignore_ament_install']
[0.199s] Level 1:colcon.colcon_core.package_identification:_identify(src/drone_teleop) by extension 'ignore'
[0.200s] Level 1:colcon.colcon_core.package_identification:_identify(src/drone_teleop) by extension 'ignore_ament_install'
[0.200s] Level 1:colcon.colcon_core.package_identification:_identify(src/drone_teleop) by extensions ['colcon_pkg']
[0.200s] Level 1:colcon.colcon_core.package_identification:_identify(src/drone_teleop) by extension 'colcon_pkg'
[0.200s] Level 1:colcon.colcon_core.package_identification:_identify(src/drone_teleop) by extensions ['colcon_meta']
[0.200s] Level 1:colcon.colcon_core.package_identification:_identify(src/drone_teleop) by extension 'colcon_meta'
[0.200s] Level 1:colcon.colcon_core.package_identification:_identify(src/drone_teleop) by extensions ['ros']
[0.200s] Level 1:colcon.colcon_core.package_identification:_identify(src/drone_teleop) by extension 'ros'
[0.201s] DEBUG:colcon.colcon_core.package_identification:Package 'src/drone_teleop' with type 'ros.ament_cmake' and name 'drone_teleop'
[0.201s] Level 1:colcon.colcon_core.package_discovery:discover_packages(recursive) using defaults
[0.201s] Level 1:colcon.colcon_core.package_discovery:discover_packages(ignore) discover
[0.201s] Level 1:colcon.colcon_core.package_discovery:discover_packages(ignore) using defaults
[0.201s] Level 1:colcon.colcon_core.package_discovery:discover_packages(path) discover
[0.201s] Level 1:colcon.colcon_core.package_discovery:discover_packages(path) using defaults
[0.214s] Level 1:colcon.colcon_core.package_discovery:discover_packages(prefix_path) check parameters
[0.214s] Level 1:colcon.colcon_core.package_discovery:discover_packages(prefix_path) discover
[0.215s] DEBUG:colcon.colcon_installed_package_information.package_discovery:Found 1 installed packages in /home/el-system/teleop_launch/install
[0.216s] DEBUG:colcon.colcon_installed_package_information.package_discovery:Found 270 installed packages in /opt/ros/foxy
[0.217s] Level 1:colcon.colcon_core.package_discovery:discover_packages(prefix_path) using defaults
[0.250s] Level 5:colcon.colcon_core.verb:set package 'drone_teleop' build argument 'cmake_args' from command line to 'None'
[0.250s] Level 5:colcon.colcon_core.verb:set package 'drone_teleop' build argument 'cmake_target' from command line to 'None'
[0.250s] Level 5:colcon.colcon_core.verb:set package 'drone_teleop' build argument 'cmake_target_skip_unavailable' from command line to 'False'
[0.250s] Level 5:colcon.colcon_core.verb:set package 'drone_teleop' build argument 'cmake_clean_cache' from command line to 'False'
[0.250s] Level 5:colcon.colcon_core.verb:set package 'drone_teleop' build argument 'cmake_clean_first' from command line to 'False'
[0.250s] Level 5:colcon.colcon_core.verb:set package 'drone_teleop' build argument 'cmake_force_configure' from command line to 'False'
[0.250s] Level 5:colcon.colcon_core.verb:set package 'drone_teleop' build argument 'ament_cmake_args' from command line to 'None'
[0.250s] Level 5:colcon.colcon_core.verb:set package 'drone_teleop' build argument 'catkin_cmake_args' from command line to 'None'
[0.250s] Level 5:colcon.colcon_core.verb:set package 'drone_teleop' build argument 'catkin_skip_building_tests' from command line to 'False'
[0.250s] DEBUG:colcon.colcon_core.verb:Building package 'drone_teleop' with the following arguments: {'ament_cmake_args': None, 'build_base': '/home/el-system/teleop_launch/build/drone_teleop', 'catkin_cmake_args': None, 'catkin_skip_building_tests': False, 'cmake_args': None, 'cmake_clean_cache': False, 'cmake_clean_first': False, 'cmake_force_configure': False, 'cmake_target': None, 'cmake_target_skip_unavailable': False, 'install_base': '/home/el-system/teleop_launch/install/drone_teleop', 'merge_install': False, 'path': '/home/el-system/teleop_launch/src/drone_teleop', 'symlink_install': False, 'test_result_base': None}
[0.251s] INFO:colcon.colcon_core.executor:Executing jobs using 'parallel' executor
[0.251s] DEBUG:colcon.colcon_parallel_executor.executor.parallel:run_until_complete
[0.251s] INFO:colcon.colcon_ros.task.ament_cmake.build:Building ROS package in '/home/el-system/teleop_launch/src/drone_teleop' with build type 'ament_cmake'
[0.252s] INFO:colcon.colcon_cmake.task.cmake.build:Building CMake package in '/home/el-system/teleop_launch/src/drone_teleop'
[0.253s] INFO:colcon.colcon_core.plugin_system:Skipping extension 'colcon_core.shell.bat': Not used on non-Windows systems
[0.253s] INFO:colcon.colcon_core.shell:Skip shell extension 'powershell' for command environment: Not usable outside of PowerShell
[0.253s] DEBUG:colcon.colcon_core.shell:Skip shell extension 'dsv' for command environment
[0.261s] DEBUG:colcon.colcon_core.event_handler.log_command:Invoking command in '/home/el-system/teleop_launch/build/drone_teleop': CMAKE_PREFIX_PATH=${CMAKE_PREFIX_PATH}:/opt/ros/foxy /usr/bin/cmake --build /home/el-system/teleop_launch/build/drone_teleop -- -j12 -l12
[4.825s] DEBUG:colcon.colcon_core.event_handler.log_command:Invoked command in '/home/el-system/teleop_launch/build/drone_teleop' returned '0': CMAKE_PREFIX_PATH=${CMAKE_PREFIX_PATH}:/opt/ros/foxy /usr/bin/cmake --build /home/el-system/teleop_launch/build/drone_teleop -- -j12 -l12
[4.834s] DEBUG:colcon.colcon_core.event_handler.log_command:Invoking command in '/home/el-system/teleop_launch/build/drone_teleop': CMAKE_PREFIX_PATH=${CMAKE_PREFIX_PATH}:/opt/ros/foxy /usr/bin/cmake --install /home/el-system/teleop_launch/build/drone_teleop
[4.846s] Level 1:colcon.colcon_core.environment:create_environment_scripts_only(drone_teleop)
[4.848s] DEBUG:colcon.colcon_core.event_handler.log_command:Invoked command in '/home/el-system/teleop_launch/build/drone_teleop' returned '0': CMAKE_PREFIX_PATH=${CMAKE_PREFIX_PATH}:/opt/ros/foxy /usr/bin/cmake --install /home/el-system/teleop_launch/build/drone_teleop
[4.850s] Level 1:colcon.colcon_core.environment:checking '/home/el-system/teleop_launch/install/drone_teleop' for CMake module files
[4.850s] Level 1:colcon.colcon_core.environment:checking '/home/el-system/teleop_launch/install/drone_teleop' for CMake config files
[4.850s] Level 1:colcon.colcon_core.shell:create_environment_hook('drone_teleop', 'cmake_prefix_path')
[4.850s] INFO:colcon.colcon_core.shell:Creating environment hook '/home/el-system/teleop_launch/install/drone_teleop/share/drone_teleop/hook/cmake_prefix_path.ps1'
[4.851s] INFO:colcon.colcon_core.shell:Creating environment descriptor '/home/el-system/teleop_launch/install/drone_teleop/share/drone_teleop/hook/cmake_prefix_path.dsv'
[4.851s] INFO:colcon.colcon_core.shell:Creating environment hook '/home/el-system/teleop_launch/install/drone_teleop/share/drone_teleop/hook/cmake_prefix_path.sh'
[4.852s] Level 1:colcon.colcon_core.environment:checking '/home/el-system/teleop_launch/install/drone_teleop/lib'
[4.852s] Level 1:colcon.colcon_core.environment:checking '/home/el-system/teleop_launch/install/drone_teleop/bin'
[4.852s] Level 1:colcon.colcon_core.environment:checking '/home/el-system/teleop_launch/install/drone_teleop/lib/pkgconfig/drone_teleop.pc'
[4.852s] Level 1:colcon.colcon_core.environment:checking '/home/el-system/teleop_launch/install/drone_teleop/lib/python3.8/site-packages'
[4.852s] Level 1:colcon.colcon_core.environment:checking '/home/el-system/teleop_launch/install/drone_teleop/bin'
[4.853s] INFO:colcon.colcon_core.shell:Creating package script '/home/el-system/teleop_launch/install/drone_teleop/share/drone_teleop/package.ps1'
[4.853s] INFO:colcon.colcon_core.shell:Creating package descriptor '/home/el-system/teleop_launch/install/drone_teleop/share/drone_teleop/package.dsv'
[4.853s] INFO:colcon.colcon_core.shell:Creating package script '/home/el-system/teleop_launch/install/drone_teleop/share/drone_teleop/package.sh'
[4.854s] INFO:colcon.colcon_core.shell:Creating package script '/home/el-system/teleop_launch/install/drone_teleop/share/drone_teleop/package.bash'
[4.854s] INFO:colcon.colcon_core.shell:Creating package script '/home/el-system/teleop_launch/install/drone_teleop/share/drone_teleop/package.zsh'
[4.855s] Level 1:colcon.colcon_core.environment:create_file_with_runtime_dependencies(/home/el-system/teleop_launch/install/drone_teleop/share/colcon-core/packages/drone_teleop)
[4.855s] Level 1:colcon.colcon_core.environment:create_environment_scripts_only(drone_teleop)
[4.855s] Level 1:colcon.colcon_core.environment:checking '/home/el-system/teleop_launch/install/drone_teleop' for CMake module files
[4.856s] Level 1:colcon.colcon_core.environment:checking '/home/el-system/teleop_launch/install/drone_teleop' for CMake config files
[4.856s] Level 1:colcon.colcon_core.shell:create_environment_hook('drone_teleop', 'cmake_prefix_path')
[4.856s] INFO:colcon.colcon_core.shell:Creating environment hook '/home/el-system/teleop_launch/install/drone_teleop/share/drone_teleop/hook/cmake_prefix_path.ps1'
[4.856s] INFO:colcon.colcon_core.shell:Creating environment descriptor '/home/el-system/teleop_launch/install/drone_teleop/share/drone_teleop/hook/cmake_prefix_path.dsv'
[4.856s] INFO:colcon.colcon_core.shell:Creating environment hook '/home/el-system/teleop_launch/install/drone_teleop/share/drone_teleop/hook/cmake_prefix_path.sh'
[4.857s] Level 1:colcon.colcon_core.environment:checking '/home/el-system/teleop_launch/install/drone_teleop/lib'
[4.857s] Level 1:colcon.colcon_core.environment:checking '/home/el-system/teleop_launch/install/drone_teleop/bin'
[4.857s] Level 1:colcon.colcon_core.environment:checking '/home/el-system/teleop_launch/install/drone_teleop/lib/pkgconfig/drone_teleop.pc'
[4.857s] Level 1:colcon.colcon_core.environment:checking '/home/el-system/teleop_launch/install/drone_teleop/lib/python3.8/site-packages'
[4.857s] Level 1:colcon.colcon_core.environment:checking '/home/el-system/teleop_launch/install/drone_teleop/bin'
[4.857s] INFO:colcon.colcon_core.shell:Creating package script '/home/el-system/teleop_launch/install/drone_teleop/share/drone_teleop/package.ps1'
[4.857s] INFO:colcon.colcon_core.shell:Creating package descriptor '/home/el-system/teleop_launch/install/drone_teleop/share/drone_teleop/package.dsv'
[4.858s] INFO:colcon.colcon_core.shell:Creating package script '/home/el-system/teleop_launch/install/drone_teleop/share/drone_teleop/package.sh'
[4.858s] INFO:colcon.colcon_core.shell:Creating package script '/home/el-system/teleop_launch/install/drone_teleop/share/drone_teleop/package.bash'
[4.858s] INFO:colcon.colcon_core.shell:Creating package script '/home/el-system/teleop_launch/install/drone_teleop/share/drone_teleop/package.zsh'
[4.858s] Level 1:colcon.colcon_core.environment:create_file_with_runtime_dependencies(/home/el-system/teleop_launch/install/drone_teleop/share/colcon-core/packages/drone_teleop)
[4.859s] DEBUG:colcon.colcon_parallel_executor.executor.parallel:closing loop
[4.859s] DEBUG:colcon.colcon_parallel_executor.executor.parallel:loop closed
[4.859s] DEBUG:colcon.colcon_parallel_executor.executor.parallel:run_until_complete finished with '0'
[4.859s] DEBUG:colcon.colcon_core.event_reactor:joining thread
[4.867s] INFO:colcon.colcon_core.plugin_system:Skipping extension 'colcon_notification.desktop_notification.terminal_notifier': Not used on non-Darwin systems
[4.867s] INFO:colcon.colcon_core.plugin_system:Skipping extension 'colcon_notification.desktop_notification.win32': Not used on non-Windows systems
[4.867s] INFO:colcon.colcon_notification.desktop_notification:Sending desktop notification using 'notify2'
[4.883s] DEBUG:colcon.colcon_core.event_reactor:joined thread
[4.884s] INFO:colcon.colcon_core.shell:Creating prefix script '/home/el-system/teleop_launch/install/local_setup.ps1'
[4.885s] INFO:colcon.colcon_core.shell:Creating prefix util module '/home/el-system/teleop_launch/install/_local_setup_util_ps1.py'
[4.888s] INFO:colcon.colcon_core.shell:Creating prefix chain script '/home/el-system/teleop_launch/install/setup.ps1'
[4.889s] INFO:colcon.colcon_core.shell:Creating prefix script '/home/el-system/teleop_launch/install/local_setup.sh'
[4.890s] INFO:colcon.colcon_core.shell:Creating prefix util module '/home/el-system/teleop_launch/install/_local_setup_util_sh.py'
[4.891s] INFO:colcon.colcon_core.shell:Creating prefix chain script '/home/el-system/teleop_launch/install/setup.sh'
[4.894s] INFO:colcon.colcon_core.shell:Creating prefix script '/home/el-system/teleop_launch/install/local_setup.bash'
[4.896s] INFO:colcon.colcon_core.shell:Creating prefix chain script '/home/el-system/teleop_launch/install/setup.bash'
[4.899s] INFO:colcon.colcon_core.shell:Creating prefix script '/home/el-system/teleop_launch/install/local_setup.zsh'
[4.900s] INFO:colcon.colcon_core.shell:Creating prefix chain script '/home/el-system/teleop_launch/install/setup.zsh'
